[Licensing::Module] Trying to connect to existing licensing client channel...
Built from '6000.2/staging' branch; Version is '6000.2.15f1 (0707b6d1e918) revision 460726'; Using compiler version '194234433'; Build Type 'Release'
[Licensing::IpcConnector] Successfully connected to: "LicenseClient-alexz" at "2026-01-07T15:59:56.2211419Z"
OS: 'Windows 11  (10.0.26100) 64bit Core' Language: 'es' Physical Memory: 5989 MB
BatchMode: 1, IsHumanControllingUs: 0, StartBugReporterOnCrash: 0, Is64bit: 1
Date: 2026-01-07T15:59:56Z

COMMAND LINE ARGUMENTS:
C:\Program Files\Unity\Hub\Editor\6000.2.15f1\Editor\Unity.exe
-adb2
-batchMode
-noUpm
-name
AssetImportWorker0
-projectPath
C:/Users/alexz/Desktop/Proyecto/CarEvasion3D_VR
-logFile
Logs/AssetImportWorker0.log
-srvPort
53072
-licensingIpc
LicenseClient-alexz
-job-worker-count
5
-background-job-worker-count
8
-gc-helper-count
1
-name
AssetImport
Successfully changed project path to: C:/Users/alexz/Desktop/Proyecto/CarEvasion3D_VR
C:/Users/alexz/Desktop/Proyecto/CarEvasion3D_VR
[UnityMemory] Configuration Parameters - Can be set up in boot.config
    "memorysetup-allocator-temp-initial-block-size-main=262144"
    "memorysetup-allocator-temp-initial-block-size-worker=262144"
    "memorysetup-bucket-allocator-granularity=16"
    "memorysetup-bucket-allocator-bucket-count=8"
    "memorysetup-bucket-allocator-block-size=33554432"
    "memorysetup-bucket-allocator-block-count=8"
    "memorysetup-main-allocator-block-size=16777216"
    "memorysetup-thread-allocator-block-size=16777216"
    "memorysetup-gfx-main-allocator-block-size=16777216"
    "memorysetup-gfx-thread-allocator-block-size=16777216"
    "memorysetup-cache-allocator-block-size=4194304"
    "memorysetup-typetree-allocator-block-size=2097152"
    "memorysetup-profiler-bucket-allocator-granularity=16"
    "memorysetup-profiler-bucket-allocator-bucket-count=8"
    "memorysetup-profiler-bucket-allocator-block-size=33554432"
    "memorysetup-profiler-bucket-allocator-block-count=8"
    "memorysetup-profiler-allocator-block-size=16777216"
    "memorysetup-profiler-editor-allocator-block-size=1048576"
    "memorysetup-temp-allocator-size-main=16777216"
    "memorysetup-job-temp-allocator-block-size=2097152"
    "memorysetup-job-temp-allocator-block-size-background=1048576"
    "memorysetup-job-temp-allocator-reduction-small-platforms=262144"
    "memorysetup-temp-allocator-size-background-worker=32768"
    "memorysetup-temp-allocator-size-job-worker=262144"
    "memorysetup-temp-allocator-size-preload-manager=33554432"
    "memorysetup-temp-allocator-size-nav-mesh-worker=65536"
    "memorysetup-temp-allocator-size-audio-worker=65536"
    "memorysetup-temp-allocator-size-cloud-worker=32768"
    "memorysetup-temp-allocator-size-gi-baking-worker=262144"
    "memorysetup-temp-allocator-size-gi-baking-worker=262144"
    "memorysetup-temp-allocator-size-gi-baking-worker=262144"
    "memorysetup-temp-allocator-size-gi-baking-worker=262144"
    "memorysetup-temp-allocator-size-gi-baking-worker=262144"
    "memorysetup-temp-allocator-size-gfx=262144"
Player connection [42368]  Target information:

Player connection [42368]  * "[IP] 192.168.56.1 [Port] 0 [Flags] 2 [Guid] 3002161335 [EditorId] 3002161335 [Version] 1048832 [Id] WindowsEditor(7,Lili) [Debug] 1 [PackageName] WindowsEditor [ProjectName] Editor" 

Player connection [42368] Host joined multi-casting on [225.0.0.222:54997]...
Player connection [42368] Host joined alternative multi-casting on [225.0.0.222:34997]...
JobSystem: Creating JobQueue using job-worker-count value 5
Input System module state changed to: Initialized.
[Physics::Module] Initialized fallback backend.
[Physics::Module] Id: 0xdecafbad
Library Redirect Path: Library/
[Physics::Module] Selected backend.
[Physics::Module] Name: PhysX
[Physics::Module] Id: 0xf2b8ea05
[Physics::Module] SDK Version: 4.1.2
[Physics::Module] Integration Version: 1.0.0
[Physics::Module] Threading Mode: Multi-Threaded
Refreshing native plugins compatible for Editor in 233.54 ms, found 13 plugins.
Preloading 1 native plugins for Editor in 2.36 ms.
Initialize engine version: 6000.2.15f1 (0707b6d1e918)
[Subsystems] Discovering subsystems at path C:/Program Files/Unity/Hub/Editor/6000.2.15f1/Editor/Data/Resources/UnitySubsystems
[Subsystems] Discovering subsystems at path C:/Users/alexz/Desktop/Proyecto/CarEvasion3D_VR/Assets
GfxDevice: creating device client; kGfxThreadingModeNonThreaded
Direct3D:
    Version:  Direct3D 11.0 [level 11.1]
    Renderer: AMD Radeon(TM) Graphics (ID=0x164c)
    Vendor:   ATI
    VRAM:     2994 MB
    Driver:   31.0.21024.2004
Initialize mono
Mono path[0] = 'C:/Program Files/Unity/Hub/Editor/6000.2.15f1/Editor/Data/Managed'
Mono path[1] = 'C:/Program Files/Unity/Hub/Editor/6000.2.15f1/Editor/Data/MonoBleedingEdge/lib/mono/unityjit-win32'
Mono config path = 'C:/Program Files/Unity/Hub/Editor/6000.2.15f1/Editor/Data/MonoBleedingEdge/etc'
Using monoOptions --debugger-agent=transport=dt_socket,embedding=1,server=y,suspend=n,address=127.0.0.1:56204
Begin MonoManager ReloadAssembly
Registering precompiled unity dll's ...
Register platform support module: C:/Program Files/Unity/Hub/Editor/6000.2.15f1/Editor/Data/PlaybackEngines/WindowsStandaloneSupport/UnityEditor.WindowsStandalone.Extensions.dll
Registered in 0.011593 seconds.
- Loaded All Assemblies, in  1.554 seconds
Native extension for WindowsStandalone target not found
Mono: successfully reloaded assembly
- Finished resetting the current domain, in  1.321 seconds
Domain Reload Profiling: 2858ms
	BeginReloadAssembly (612ms)
		ExecutionOrderSort (0ms)
		DisableScriptedObjects (0ms)
		BackupInstance (0ms)
		ReleaseScriptingObjects (0ms)
		CreateAndSetChildDomain (5ms)
	RebuildCommonClasses (135ms)
	RebuildNativeTypeToScriptingClass (34ms)
	initialDomainReloadingComplete (223ms)
	LoadAllAssembliesAndSetupDomain (531ms)
		LoadAssemblies (593ms)
		RebuildTransferFunctionScriptingTraits (0ms)
		AnalyzeDomain (522ms)
			TypeCache.Refresh (517ms)
				TypeCache.ScanAssembly (471ms)
			BuildScriptInfoCaches (1ms)
			ResolveRequiredComponents (1ms)
	FinalizeReload (1322ms)
		ReleaseScriptCaches (0ms)
		RebuildScriptCaches (0ms)
		SetupLoadedEditorAssemblies (1060ms)
			LogAssemblyErrors (0ms)
			InitializePlatformSupportModulesInManaged (183ms)
			SetLoadedEditorAssemblies (16ms)
			BeforeProcessingInitializeOnLoad (219ms)
			ProcessInitializeOnLoadAttributes (451ms)
			ProcessInitializeOnLoadMethodAttributes (192ms)
			AfterProcessingInitializeOnLoad (0ms)
			EditorAssembliesLoaded (0ms)
		ExecutionOrderSort2 (0ms)
		AwakeInstancesAfterBackupRestoration (0ms)
[Licensing::Client] Handshaking with LicensingClient:
  Version:                 1.17.4+4293ba1
  Session Id:              70c00542882f4c0da0f290ca6b76a92c
  Correlation Id:          79f4dbd61d275e814d1e16ec9b0f3b26
  External correlation Id: 6494029500881533093
  Machine Id:              nEsYK9wVvahPXscXZpKlYhtvfOY=
[Licensing::Module] Successfully connected to LicensingClient on channel: "LicenseClient-alexz" (connect: 0.00s, validation: 0.06s, handshake: 5.76s)
[Licensing::IpcConnector] Successfully connected to: "LicenseClient-alexz-notifications" at "2026-01-07T16:00:02.0399284Z"
[Licensing::Module] Licensing Background thread has ended after 5.82s
========================================================================
Worker process is ready to serve import requests
Import Worker Mode flag is 0x00
Begin MonoManager ReloadAssembly
[Licensing::Client] Successfully resolved entitlement details
[Licensing::Module] License group:
  Id: 4674145670868-UnityPersXXXX
  Product: Unity Personal
  Type: Assigned
  Expiration: Unlimited
- Loaded All Assemblies, in  3.363 seconds
Refreshing native plugins compatible for Editor in 87.33 ms, found 13 plugins.
Native extension for WindowsStandalone target not found
Package Manager log level set to [2]
[Package Manager] Failed to launch server process. Reason: Unity was launched with the -noUpm command-line argument
[Package Manager] Unable to send message (not connected to server process).
[Package Manager] Cannot connect to Unity Package Manager local server
System.Reflection.TargetInvocationException: Exception has been thrown by the target of an invocation. ---> System.NullReferenceException: Object reference not set to an instance of an object
  at Unity.XR.Oculus.OculusLoader.AssetPathToAbsolutePath (System.String assetPath) [0x0003d] in .\Library\PackageCache\com.unity.xr.oculus@44578ba4bd45\Runtime\OculusLoader.cs:312 
  at Unity.XR.Oculus.OculusLoader.EditorLoadOVRPlugin () [0x0008c] in .\Library\PackageCache\com.unity.xr.oculus@44578ba4bd45\Runtime\OculusLoader.cs:297 
  at (wrapper managed-to-native) System.Reflection.RuntimeMethodInfo.InternalInvoke(System.Reflection.RuntimeMethodInfo,object,object[],System.Exception&)
  at System.Reflection.RuntimeMethodInfo.Invoke (System.Object obj, System.Reflection.BindingFlags invokeAttr, System.Reflection.Binder binder, System.Object[] parameters, System.Globalization.CultureInfo culture) [0x0006a] in <3272951baa974b2ab5e8de68d60bfc1e>:0 
   --- End of inner exception stack trace ---
  at System.Reflection.RuntimeMethodInfo.Invoke (System.Object obj, System.Reflection.BindingFlags invokeAttr, System.Reflection.Binder binder, System.Object[] parameters, System.Globalization.CultureInfo culture) [0x00083] in <3272951baa974b2ab5e8de68d60bfc1e>:0 
  at System.Reflection.MethodBase.Invoke (System.Object obj, System.Object[] parameters) [0x00000] in <3272951baa974b2ab5e8de68d60bfc1e>:0 
  at UnityEditor.EditorAssemblies.ProcessInitializeOnLoadMethodAttributes () [0x00087] in <c955c8752c5a4d23acdf053ed11d8af3>:0 
UnityEngine.Debug:ExtractStackTraceNoAlloc (byte*,int,string)
UnityEngine.StackTraceUtility:ExtractStackTrace ()
UnityEngine.DebugLogHandler:Internal_Log (UnityEngine.LogType,UnityEngine.LogOption,string,UnityEngine.Object)
UnityEngine.DebugLogHandler:LogFormat (UnityEngine.LogType,UnityEngine.Object,string,object[])
UnityEngine.Logger:Log (UnityEngine.LogType,object)
UnityEngine.Debug:LogError (object)
UnityEditor.EditorAssemblies:ProcessInitializeOnLoadMethodAttributes ()

Mono: successfully reloaded assembly
[Package Manager] Failed to launch server process. Reason: Unity was launched with the -noUpm command-line argument
[Package Manager] Unable to send message (not connected to server process).
[Package Manager] Cannot connect to Unity Package Manager local server
[Package Manager] Failed to launch server process. Reason: Unity was launched with the -noUpm command-line argument
[Package Manager] Unable to send message (not connected to server process).
[Package Manager] Cannot connect to Unity Package Manager local server
- Finished resetting the current domain, in  3.469 seconds
Domain Reload Profiling: 6755ms
	BeginReloadAssembly (667ms)
		ExecutionOrderSort (0ms)
		DisableScriptedObjects (18ms)
		BackupInstance (0ms)
		ReleaseScriptingObjects (0ms)
		CreateAndSetChildDomain (85ms)
	RebuildCommonClasses (108ms)
	RebuildNativeTypeToScriptingClass (34ms)
	initialDomainReloadingComplete (135ms)
	LoadAllAssembliesAndSetupDomain (2340ms)
		LoadAssemblies (1725ms)
		RebuildTransferFunctionScriptingTraits (0ms)
		AnalyzeDomain (1018ms)
			TypeCache.Refresh (646ms)
				TypeCache.ScanAssembly (590ms)
			BuildScriptInfoCaches (308ms)
			ResolveRequiredComponents (49ms)
	FinalizeReload (3470ms)
		ReleaseScriptCaches (0ms)
		RebuildScriptCaches (0ms)
		SetupLoadedEditorAssemblies (2587ms)
			LogAssemblyErrors (0ms)
			InitializePlatformSupportModulesInManaged (5ms)
			SetLoadedEditorAssemblies (15ms)
			BeforeProcessingInitializeOnLoad (438ms)
			ProcessInitializeOnLoadAttributes (1733ms)
			ProcessInitializeOnLoadMethodAttributes (371ms)
			AfterProcessingInitializeOnLoad (25ms)
			EditorAssembliesLoaded (1ms)
		ExecutionOrderSort2 (0ms)
		AwakeInstancesAfterBackupRestoration (17ms)
Launched and connected shader compiler UnityShaderCompiler.exe after 0.05 seconds
Refreshing native plugins compatible for Editor in 48.46 ms, found 13 plugins.
Preloading 1 native plugins for Editor in 0.29 ms.
Unloading 14 Unused Serialized files (Serialized files now loaded: 0)
Unloading 7387 unused Assets / (5.2 MB). Loaded Objects now: 8151.
Memory consumption went from 148.2 MB to 143.1 MB.
Total: 23.482500 ms (FindLiveObjects: 2.112100 ms CreateObjectMapping: 2.025100 ms MarkObjects: 13.246300 ms  DeleteObjects: 6.090100 ms)

========================================================================
Received Import Request.
  Time since last request: 930649.720603 seconds.
  path: Assets/Script/GestorAutenticacion.cs
  artifactKey: Guid(e7775bf1caa00f540a2faada44045b6c) Importer(815301076,1909f56bfc062723c751e8b465ee728b)
Start importing Assets/Script/GestorAutenticacion.cs using Guid(e7775bf1caa00f540a2faada44045b6c) Importer(815301076,1909f56bfc062723c751e8b465ee728b) (PreviewImporter) -> (artifact id: 'ae7946cc849e0d730dbffe1fed4857ba') in 0.0262392 seconds
Number of updated asset objects reloaded before import = 0Number of asset objects unloaded after import = 0

========================================================================
Received Import Request.
  Time since last request: 3329.368216 seconds.
  path: Assets/Plugins/Oculus Hands/Materials/Blue Simple Lit.mat
  artifactKey: Guid(3637b758ff163493f8bb8b6d7e96d7ae) Importer(815301076,1909f56bfc062723c751e8b465ee728b)
Start importing Assets/Plugins/Oculus Hands/Materials/Blue Simple Lit.mat using Guid(3637b758ff163493f8bb8b6d7e96d7ae) Importer(815301076,1909f56bfc062723c751e8b465ee728b) (PreviewImporter) -> (artifact id: '5bbddfd59b90eb1bc2cfe24fd3195adf') in 4.5836721 seconds
Number of updated asset objects reloaded before import = 0Number of asset objects unloaded after import = 1

========================================================================
Received Import Request.
  Time since last request: 643.155750 seconds.
  path: Assets/Road/Road_Pack/Assets/4Line/Models/Сlimb((4))Up.fbx
  artifactKey: Guid(0b21046c32da3254b9516717f50815b4) Importer(815301076,1909f56bfc062723c751e8b465ee728b)
Start importing Assets/Road/Road_Pack/Assets/4Line/Models/Сlimb((4))Up.fbx using Guid(0b21046c32da3254b9516717f50815b4) Importer(815301076,1909f56bfc062723c751e8b465ee728b) (PreviewImporter) -> (artifact id: 'f9ca55958b078e2045d63cf55430241c') in 0.5977858 seconds
Number of updated asset objects reloaded before import = 0Number of asset objects unloaded after import = 7

========================================================================
Received Import Request.
  Time since last request: 5.106813 seconds.
  path: Assets/Low_Poly_Road_Pack/Roads_Pack/Textures_Materials_Models/Models/4Lines/Сlimb((4)).fbx
  artifactKey: Guid(d2b8b14f1a12d784aa1d04d83d536d0b) Importer(815301076,1909f56bfc062723c751e8b465ee728b)
Start importing Assets/Low_Poly_Road_Pack/Roads_Pack/Textures_Materials_Models/Models/4Lines/Сlimb((4)).fbx using Guid(d2b8b14f1a12d784aa1d04d83d536d0b) Importer(815301076,1909f56bfc062723c751e8b465ee728b) (PreviewImporter) -> (artifact id: 'e2d07643e83049766a27ad8760f79a9c') in 0.0449645 seconds
Number of updated asset objects reloaded before import = 0Number of asset objects unloaded after import = 7

========================================================================
Received Import Request.
  Time since last request: 0.000059 seconds.
  path: Assets/Low_Poly_Road_Pack/Roads_Pack/Textures_Materials_Models/Models/X4/X4((3(4))+(1(2))).fbx
  artifactKey: Guid(3a2619c8544bb2145acbc5ee3ed9b45e) Importer(815301076,1909f56bfc062723c751e8b465ee728b)
Start importing Assets/Low_Poly_Road_Pack/Roads_Pack/Textures_Materials_Models/Models/X4/X4((3(4))+(1(2))).fbx using Guid(3a2619c8544bb2145acbc5ee3ed9b45e) Importer(815301076,1909f56bfc062723c751e8b465ee728b) (PreviewImporter) -> (artifact id: 'f8dc3ee4a6fc81da80546b0c2d1f3aa3') in 0.0552648 seconds
Number of updated asset objects reloaded before import = 0Number of asset objects unloaded after import = 7

========================================================================
Received Import Request.
  Time since last request: 0.000073 seconds.
  path: Assets/Road/Road_Pack/Assets/X4/Models/X4((3(8))+(1(4))).fbx
  artifactKey: Guid(50e2ee650ef16be488cd451ec53846c3) Importer(815301076,1909f56bfc062723c751e8b465ee728b)
Start importing Assets/Road/Road_Pack/Assets/X4/Models/X4((3(8))+(1(4))).fbx using Guid(50e2ee650ef16be488cd451ec53846c3) Importer(815301076,1909f56bfc062723c751e8b465ee728b) (PreviewImporter) -> (artifact id: '67c4100ac593098064afce8c4f9cb85f') in 0.0408832 seconds
Number of updated asset objects reloaded before import = 0Number of asset objects unloaded after import = 7

========================================================================
Received Import Request.
  Time since last request: 0.000065 seconds.
  path: Assets/Low_Poly_Road_Pack/Roads_Pack/Textures_Materials_Models/Models/X4/X4((3(8))+(1(2))).fbx
  artifactKey: Guid(57a158040fdc65a428deb0adb6fdeb9d) Importer(815301076,1909f56bfc062723c751e8b465ee728b)
Start importing Assets/Low_Poly_Road_Pack/Roads_Pack/Textures_Materials_Models/Models/X4/X4((3(8))+(1(2))).fbx using Guid(57a158040fdc65a428deb0adb6fdeb9d) Importer(815301076,1909f56bfc062723c751e8b465ee728b) (PreviewImporter) -> (artifact id: 'e80973d8f728cc7b01ac1b0909c5e4de') in 0.0376612 seconds
Number of updated asset objects reloaded before import = 0Number of asset objects unloaded after import = 7

========================================================================
Received Import Request.
  Time since last request: 0.000053 seconds.
  path: Assets/Low_Poly_Road_Pack/Roads_Pack/Textures_Materials_Models/Models/X3/X3((1(4))+(2(2))).fbx
  artifactKey: Guid(6c00ec45570a8cc4bbd76b28e1d0accb) Importer(815301076,1909f56bfc062723c751e8b465ee728b)
Start importing Assets/Low_Poly_Road_Pack/Roads_Pack/Textures_Materials_Models/Models/X3/X3((1(4))+(2(2))).fbx using Guid(6c00ec45570a8cc4bbd76b28e1d0accb) Importer(815301076,1909f56bfc062723c751e8b465ee728b) (PreviewImporter) -> (artifact id: '0688cee26801aef5ae2d637916146f67') in 0.0440064 seconds
Number of updated asset objects reloaded before import = 0Number of asset objects unloaded after import = 7

========================================================================
Received Import Request.
  Time since last request: 0.000061 seconds.
  path: Assets/Low_Poly_Road_Pack/Roads_Pack/Textures_Materials_Models/Models/X3/X3((1(8))+(2(2))).fbx
  artifactKey: Guid(5cb8941018836124db461fc095453625) Importer(815301076,1909f56bfc062723c751e8b465ee728b)
Start importing Assets/Low_Poly_Road_Pack/Roads_Pack/Textures_Materials_Models/Models/X3/X3((1(8))+(2(2))).fbx using Guid(5cb8941018836124db461fc095453625) Importer(815301076,1909f56bfc062723c751e8b465ee728b) (PreviewImporter) -> (artifact id: 'c986d9c3e840cfb3144e49c52bc9469c') in 0.0501585 seconds
Number of updated asset objects reloaded before import = 0Number of asset objects unloaded after import = 7

========================================================================
Received Import Request.
  Time since last request: 0.000100 seconds.
  path: Assets/Low_Poly_Road_Pack/Roads_Pack/Textures_Materials_Models/Models/8Lines/Turn(8).fbx
  artifactKey: Guid(6d9b9334fe7912a47ac3b09903177118) Importer(815301076,1909f56bfc062723c751e8b465ee728b)
Start importing Assets/Low_Poly_Road_Pack/Roads_Pack/Textures_Materials_Models/Models/8Lines/Turn(8).fbx using Guid(6d9b9334fe7912a47ac3b09903177118) Importer(815301076,1909f56bfc062723c751e8b465ee728b) (PreviewImporter) -> (artifact id: '9f972372acbbd3f680f33c879b88159d') in 0.043512 seconds
Number of updated asset objects reloaded before import = 0Number of asset objects unloaded after import = 7

========================================================================
Received Import Request.
  Time since last request: 0.000113 seconds.
  path: Assets/Road/Road_Pack/Assets/X4/Models/X4((3(8))+(1(2))).fbx
  artifactKey: Guid(17a96f04d5c95a64c8568da5218aba43) Importer(815301076,1909f56bfc062723c751e8b465ee728b)
Start importing Assets/Road/Road_Pack/Assets/X4/Models/X4((3(8))+(1(2))).fbx using Guid(17a96f04d5c95a64c8568da5218aba43) Importer(815301076,1909f56bfc062723c751e8b465ee728b) (PreviewImporter) -> (artifact id: '11c24dbb2b99989b1ef5aae0fccea2a7') in 0.0502322 seconds
Number of updated asset objects reloaded before import = 0Number of asset objects unloaded after import = 7

========================================================================
Received Import Request.
  Time since last request: 0.000059 seconds.
  path: Assets/Road/Road_Pack/Assets/X3/Models/X3((2(8))+(1(4))).fbx
  artifactKey: Guid(0e8c19a0069499e44b42cf0874de9e0b) Importer(815301076,1909f56bfc062723c751e8b465ee728b)
Start importing Assets/Road/Road_Pack/Assets/X3/Models/X3((2(8))+(1(4))).fbx using Guid(0e8c19a0069499e44b42cf0874de9e0b) Importer(815301076,1909f56bfc062723c751e8b465ee728b) (PreviewImporter) -> (artifact id: '6e44661eb589d45d9de641bae0aba748') in 0.051687 seconds
Number of updated asset objects reloaded before import = 0Number of asset objects unloaded after import = 7

========================================================================
Received Import Request.
  Time since last request: 0.000104 seconds.
  path: Assets/Low_Poly_Road_Pack/Roads_Pack/Textures_Materials_Models/Models/X4/X4((2(8))+(2(4))).fbx
  artifactKey: Guid(4ed575da507f11f4aa0ee625d3374ab5) Importer(815301076,1909f56bfc062723c751e8b465ee728b)
Start importing Assets/Low_Poly_Road_Pack/Roads_Pack/Textures_Materials_Models/Models/X4/X4((2(8))+(2(4))).fbx using Guid(4ed575da507f11f4aa0ee625d3374ab5) Importer(815301076,1909f56bfc062723c751e8b465ee728b) (PreviewImporter) -> (artifact id: '29d6aa9cc6ba6709be7ab514d32091d2') in 0.0383894 seconds
Number of updated asset objects reloaded before import = 0Number of asset objects unloaded after import = 7

========================================================================
Received Import Request.
  Time since last request: 0.000102 seconds.
  path: Assets/Course Library/_Source_Files/FBX/Triangular_Prism.obj
  artifactKey: Guid(0a29e5b800b3746428b5645480341512) Importer(815301076,1909f56bfc062723c751e8b465ee728b)
Start importing Assets/Course Library/_Source_Files/FBX/Triangular_Prism.obj using Guid(0a29e5b800b3746428b5645480341512) Importer(815301076,1909f56bfc062723c751e8b465ee728b) (PreviewImporter) -> (artifact id: '84d46f015cf807315b9be168101644c6') in 0.0995659 seconds
Number of updated asset objects reloaded before import = 0Number of asset objects unloaded after import = 10

========================================================================
Received Import Request.
  Time since last request: 0.000065 seconds.
  path: Assets/Road/Road_Pack/Assets/X4/Models/X4((3(4))+(1(2))).fbx
  artifactKey: Guid(239b083ee09e32148ba6aa19a570a357) Importer(815301076,1909f56bfc062723c751e8b465ee728b)
Start importing Assets/Road/Road_Pack/Assets/X4/Models/X4((3(4))+(1(2))).fbx using Guid(239b083ee09e32148ba6aa19a570a357) Importer(815301076,1909f56bfc062723c751e8b465ee728b) (PreviewImporter) -> (artifact id: 'e57f2ec812febefb558fe21a2dc66090') in 0.045072 seconds
Number of updated asset objects reloaded before import = 0Number of asset objects unloaded after import = 7

========================================================================
Received Import Request.
  Time since last request: 0.000106 seconds.
  path: Assets/Low_Poly_Road_Pack/Roads_Pack/Textures_Materials_Models/Models/X3/X3((2(8))+(1(4))).fbx
  artifactKey: Guid(45f3e9275a08a8a4a908190789791ee8) Importer(815301076,1909f56bfc062723c751e8b465ee728b)
Start importing Assets/Low_Poly_Road_Pack/Roads_Pack/Textures_Materials_Models/Models/X3/X3((2(8))+(1(4))).fbx using Guid(45f3e9275a08a8a4a908190789791ee8) Importer(815301076,1909f56bfc062723c751e8b465ee728b) (PreviewImporter) -> (artifact id: '80c132850b076e64664322cdb612373d') in 0.0377739 seconds
Number of updated asset objects reloaded before import = 0Number of asset objects unloaded after import = 7

========================================================================
Received Import Request.
  Time since last request: 0.000169 seconds.
  path: Assets/Road/Road_Pack/Assets/X4/Models/X4((2(8))+(2(4))).fbx
  artifactKey: Guid(eaf32a4dec1a2d1409b64c7362c6b4f0) Importer(815301076,1909f56bfc062723c751e8b465ee728b)
Start importing Assets/Road/Road_Pack/Assets/X4/Models/X4((2(8))+(2(4))).fbx using Guid(eaf32a4dec1a2d1409b64c7362c6b4f0) Importer(815301076,1909f56bfc062723c751e8b465ee728b) (PreviewImporter) -> (artifact id: '83b1eab94c3b5c0ec0926e541fe0217e') in 0.0438773 seconds
Number of updated asset objects reloaded before import = 0Number of asset objects unloaded after import = 7

========================================================================
Received Import Request.
  Time since last request: 0.000108 seconds.
  path: Assets/Samples/XR Interaction Toolkit/3.2.2/Starter Assets/Models/UniversalController.fbx
  artifactKey: Guid(147ae308eec018b40a7b312ae58f44c7) Importer(815301076,1909f56bfc062723c751e8b465ee728b)
Start importing Assets/Samples/XR Interaction Toolkit/3.2.2/Starter Assets/Models/UniversalController.fbx using Guid(147ae308eec018b40a7b312ae58f44c7) Importer(815301076,1909f56bfc062723c751e8b465ee728b) (PreviewImporter) -> (artifact id: '246071f325ba5bcc47e0a785e2b66c11') in 0.3609006 seconds
Number of updated asset objects reloaded before import = 0Number of asset objects unloaded after import = 54

========================================================================
Received Import Request.
  Time since last request: 0.000116 seconds.
  path: Assets/Low_Poly_Road_Pack/Roads_Pack/Textures_Materials_Models/Models/X4/X4((2(8))+(2(2))).fbx
  artifactKey: Guid(c7f4a9c803c7b1b408834fdb7ed8d5a4) Importer(815301076,1909f56bfc062723c751e8b465ee728b)
Start importing Assets/Low_Poly_Road_Pack/Roads_Pack/Textures_Materials_Models/Models/X4/X4((2(8))+(2(2))).fbx using Guid(c7f4a9c803c7b1b408834fdb7ed8d5a4) Importer(815301076,1909f56bfc062723c751e8b465ee728b) (PreviewImporter) -> (artifact id: 'c20a90d53546e9e22f7cd6c398e0621a') in 0.0521429 seconds
Number of updated asset objects reloaded before import = 0Number of asset objects unloaded after import = 7

========================================================================
Received Import Request.
  Time since last request: 0.000088 seconds.
  path: Assets/Road/Road_Pack/Assets/X3/Models/X3((1(4))+(2(2))).fbx
  artifactKey: Guid(a7c15a58a34fd8646ae0cf76a961adbb) Importer(815301076,1909f56bfc062723c751e8b465ee728b)
Start importing Assets/Road/Road_Pack/Assets/X3/Models/X3((1(4))+(2(2))).fbx using Guid(a7c15a58a34fd8646ae0cf76a961adbb) Importer(815301076,1909f56bfc062723c751e8b465ee728b) (PreviewImporter) -> (artifact id: 'aef3a8db7fd5e2d608e49ecb40b52a75') in 0.0469026 seconds
Number of updated asset objects reloaded before import = 0Number of asset objects unloaded after import = 7

========================================================================
Received Import Request.
  Time since last request: 0.000076 seconds.
  path: Assets/Road/Road_Pack/Assets/X3/Models/X3((2(4))+(1(2))).fbx
  artifactKey: Guid(511d3a4d2a9c7884bbcdf4439f746512) Importer(815301076,1909f56bfc062723c751e8b465ee728b)
Start importing Assets/Road/Road_Pack/Assets/X3/Models/X3((2(4))+(1(2))).fbx using Guid(511d3a4d2a9c7884bbcdf4439f746512) Importer(815301076,1909f56bfc062723c751e8b465ee728b) (PreviewImporter) -> (artifact id: '4a5cc7da054eaebf809a45ebb842d52d') in 0.0540359 seconds
Number of updated asset objects reloaded before import = 0Number of asset objects unloaded after import = 7

========================================================================
Received Import Request.
  Time since last request: 0.000217 seconds.
  path: Assets/Road/Road_Pack/Assets/4Line/Models/Turn((4)).fbx
  artifactKey: Guid(a020d9430e88bfa419d4a0a88e118ae9) Importer(815301076,1909f56bfc062723c751e8b465ee728b)
Start importing Assets/Road/Road_Pack/Assets/4Line/Models/Turn((4)).fbx using Guid(a020d9430e88bfa419d4a0a88e118ae9) Importer(815301076,1909f56bfc062723c751e8b465ee728b) (PreviewImporter) -> (artifact id: '62ad16e620f4bfa96d5df8d439ccc878') in 0.0413664 seconds
Number of updated asset objects reloaded before import = 0Number of asset objects unloaded after import = 7

========================================================================
Received Import Request.
  Time since last request: 0.000147 seconds.
  path: Assets/Road/Road_Pack/Assets/X4/Models/X4((2(8))+(1(4))+(1(2))).fbx
  artifactKey: Guid(b8509a885d47bdf4d84be03204dee229) Importer(815301076,1909f56bfc062723c751e8b465ee728b)
Start importing Assets/Road/Road_Pack/Assets/X4/Models/X4((2(8))+(1(4))+(1(2))).fbx using Guid(b8509a885d47bdf4d84be03204dee229) Importer(815301076,1909f56bfc062723c751e8b465ee728b) (PreviewImporter) -> (artifact id: '6b241672e3b89041160ef77cea5860e2') in 0.0532377 seconds
Number of updated asset objects reloaded before import = 0Number of asset objects unloaded after import = 7

========================================================================
Received Import Request.
  Time since last request: 0.000139 seconds.
  path: Assets/Low_Poly_Road_Pack/Roads_Pack/Textures_Materials_Models/Models/X3/X3((2(8))+(1(2))).fbx
  artifactKey: Guid(e2423a5c51f4ab24b9a85cd8e7e687ce) Importer(815301076,1909f56bfc062723c751e8b465ee728b)
Start importing Assets/Low_Poly_Road_Pack/Roads_Pack/Textures_Materials_Models/Models/X3/X3((2(8))+(1(2))).fbx using Guid(e2423a5c51f4ab24b9a85cd8e7e687ce) Importer(815301076,1909f56bfc062723c751e8b465ee728b) (PreviewImporter) -> (artifact id: '62793be2a85139b514fde4841e583452') in 0.0408293 seconds
Number of updated asset objects reloaded before import = 0Number of asset objects unloaded after import = 7

========================================================================
Received Import Request.
  Time since last request: 0.000163 seconds.
  path: Assets/Low_Poly_Road_Pack/Roads_Pack/Textures_Materials_Models/Models/X4/X4((3(8))+(1(4))).fbx
  artifactKey: Guid(3158164fee6fbac4da708e5181b97fb2) Importer(815301076,1909f56bfc062723c751e8b465ee728b)
Start importing Assets/Low_Poly_Road_Pack/Roads_Pack/Textures_Materials_Models/Models/X4/X4((3(8))+(1(4))).fbx using Guid(3158164fee6fbac4da708e5181b97fb2) Importer(815301076,1909f56bfc062723c751e8b465ee728b) (PreviewImporter) -> (artifact id: 'f64c1261511b3899255e2cb6457632f9') in 0.0474335 seconds
Number of updated asset objects reloaded before import = 0Number of asset objects unloaded after import = 7

========================================================================
Received Import Request.
  Time since last request: 0.000109 seconds.
  path: Assets/Road/Road_Pack/Assets/X4/Models/X4((2(8))+(2(2))).fbx
  artifactKey: Guid(cc97bfcdb7183a9429f89f51ae928233) Importer(815301076,1909f56bfc062723c751e8b465ee728b)
Start importing Assets/Road/Road_Pack/Assets/X4/Models/X4((2(8))+(2(2))).fbx using Guid(cc97bfcdb7183a9429f89f51ae928233) Importer(815301076,1909f56bfc062723c751e8b465ee728b) (PreviewImporter) -> (artifact id: 'b03777625754b7f38d040b66def68b72') in 0.03704 seconds
Number of updated asset objects reloaded before import = 0Number of asset objects unloaded after import = 7

========================================================================
Received Import Request.
  Time since last request: 0.000056 seconds.
  path: Assets/Road/Road_Pack/Assets/X3/Models/X3((1(8))+(2(2))).fbx
  artifactKey: Guid(ca08b9ec5d06f3d49844371fe2f377ae) Importer(815301076,1909f56bfc062723c751e8b465ee728b)
Start importing Assets/Road/Road_Pack/Assets/X3/Models/X3((1(8))+(2(2))).fbx using Guid(ca08b9ec5d06f3d49844371fe2f377ae) Importer(815301076,1909f56bfc062723c751e8b465ee728b) (PreviewImporter) -> (artifact id: '2bdbb4a892d68760ea8cd4f2f9b87df7') in 0.0584127 seconds
Number of updated asset objects reloaded before import = 0Number of asset objects unloaded after import = 7

========================================================================
Received Import Request.
  Time since last request: 0.000063 seconds.
  path: Assets/Low_Poly_Road_Pack/Roads_Pack/Textures_Materials_Models/Models/X3/X3((2(4))+(1(2))).fbx
  artifactKey: Guid(726913c2cd117fb43a8eb1d7bb5c476f) Importer(815301076,1909f56bfc062723c751e8b465ee728b)
Start importing Assets/Low_Poly_Road_Pack/Roads_Pack/Textures_Materials_Models/Models/X3/X3((2(4))+(1(2))).fbx using Guid(726913c2cd117fb43a8eb1d7bb5c476f) Importer(815301076,1909f56bfc062723c751e8b465ee728b) (PreviewImporter) -> (artifact id: 'f16791ca313622ed9087e65e44c90b25') in 0.0375379 seconds
Number of updated asset objects reloaded before import = 0Number of asset objects unloaded after import = 7

========================================================================
Received Import Request.
  Time since last request: 0.000063 seconds.
  path: Assets/Road/Road_Pack/Assets/X3/Models/X3((2(8))+(1(2))).fbx
  artifactKey: Guid(538b3bf67fe18424990a51839317887b) Importer(815301076,1909f56bfc062723c751e8b465ee728b)
Start importing Assets/Road/Road_Pack/Assets/X3/Models/X3((2(8))+(1(2))).fbx using Guid(538b3bf67fe18424990a51839317887b) Importer(815301076,1909f56bfc062723c751e8b465ee728b) (PreviewImporter) -> (artifact id: '5da1b6662a0955130c79539c117fc023') in 0.0362135 seconds
Number of updated asset objects reloaded before import = 0Number of asset objects unloaded after import = 7

========================================================================
Received Import Request.
  Time since last request: 0.000098 seconds.
  path: Assets/Low_Poly_Road_Pack/Roads_Pack/Textures_Materials_Models/Models/TrafficLights/TraficLightPeople.fbx
  artifactKey: Guid(e7f978e41479e164e93c1bf8dfc0ab9f) Importer(815301076,1909f56bfc062723c751e8b465ee728b)
Start importing Assets/Low_Poly_Road_Pack/Roads_Pack/Textures_Materials_Models/Models/TrafficLights/TraficLightPeople.fbx using Guid(e7f978e41479e164e93c1bf8dfc0ab9f) Importer(815301076,1909f56bfc062723c751e8b465ee728b) (PreviewImporter) -> (artifact id: '81b693e131e21a911543f891c2350d0f') in 0.0468757 seconds
Number of updated asset objects reloaded before import = 0Number of asset objects unloaded after import = 7

========================================================================
Received Import Request.
  Time since last request: 0.000066 seconds.
  path: Assets/Road/Road_Pack/Assets/X4/Models/X4((1(4))+(3(2))).fbx
  artifactKey: Guid(4c9c26921a4017d45b07b113aa3ceb8d) Importer(815301076,1909f56bfc062723c751e8b465ee728b)
Start importing Assets/Road/Road_Pack/Assets/X4/Models/X4((1(4))+(3(2))).fbx using Guid(4c9c26921a4017d45b07b113aa3ceb8d) Importer(815301076,1909f56bfc062723c751e8b465ee728b) (PreviewImporter) -> (artifact id: '8820773377e9abaeec59d35c36e6de2b') in 0.0507452 seconds
Number of updated asset objects reloaded before import = 0Number of asset objects unloaded after import = 7

========================================================================
Received Import Request.
  Time since last request: 0.000098 seconds.
  path: Assets/Low_Poly_Road_Pack/Roads_Pack/Textures_Materials_Models/Models/4Lines/Turn(4).fbx
  artifactKey: Guid(935d694eb3dd24948902c55e035fae7a) Importer(815301076,1909f56bfc062723c751e8b465ee728b)
Start importing Assets/Low_Poly_Road_Pack/Roads_Pack/Textures_Materials_Models/Models/4Lines/Turn(4).fbx using Guid(935d694eb3dd24948902c55e035fae7a) Importer(815301076,1909f56bfc062723c751e8b465ee728b) (PreviewImporter) -> (artifact id: '324fe81dc7e6bb449892a327801d5c17') in 0.0392735 seconds
Number of updated asset objects reloaded before import = 0Number of asset objects unloaded after import = 7

========================================================================
Received Import Request.
  Time since last request: 0.000086 seconds.
  path: Assets/Low_Poly_Road_Pack/Roads_Pack/Textures_Materials_Models/Models/X4/X4((2(8))+(1(4))+(1(2))).fbx
  artifactKey: Guid(e240dc00f824ea04882cdefc573a4ddf) Importer(815301076,1909f56bfc062723c751e8b465ee728b)
Start importing Assets/Low_Poly_Road_Pack/Roads_Pack/Textures_Materials_Models/Models/X4/X4((2(8))+(1(4))+(1(2))).fbx using Guid(e240dc00f824ea04882cdefc573a4ddf) Importer(815301076,1909f56bfc062723c751e8b465ee728b) (PreviewImporter) -> (artifact id: 'e50c9ec521a2a01f55269403b25c328b') in 0.0378872 seconds
Number of updated asset objects reloaded before import = 0Number of asset objects unloaded after import = 7

========================================================================
Received Import Request.
  Time since last request: 0.000086 seconds.
  path: Assets/Road/Road_Pack/Assets/4Line/Models/Сlimb((4)).fbx
  artifactKey: Guid(33b96fcb5c8bf2244afaf8428779083d) Importer(815301076,1909f56bfc062723c751e8b465ee728b)
Start importing Assets/Road/Road_Pack/Assets/4Line/Models/Сlimb((4)).fbx using Guid(33b96fcb5c8bf2244afaf8428779083d) Importer(815301076,1909f56bfc062723c751e8b465ee728b) (PreviewImporter) -> (artifact id: 'd93488b4d5598260f6518433ef8a5766') in 0.0315427 seconds
Number of updated asset objects reloaded before import = 0Number of asset objects unloaded after import = 7

========================================================================
Received Import Request.
  Time since last request: 0.000044 seconds.
  path: Assets/Road/Road_Pack/Assets/4Line/Models/Сlimb((4))Down.fbx
  artifactKey: Guid(632a5eef9cade3a4abf53aadcac8739e) Importer(815301076,1909f56bfc062723c751e8b465ee728b)
Start importing Assets/Road/Road_Pack/Assets/4Line/Models/Сlimb((4))Down.fbx using Guid(632a5eef9cade3a4abf53aadcac8739e) Importer(815301076,1909f56bfc062723c751e8b465ee728b) (PreviewImporter) -> (artifact id: '2fa172aac5423a2271cdc4d37d2f8707') in 0.0491109 seconds
Number of updated asset objects reloaded before import = 0Number of asset objects unloaded after import = 7

========================================================================
Received Import Request.
  Time since last request: 0.000066 seconds.
  path: Assets/Low_Poly_Road_Pack/Roads_Pack/Textures_Materials_Models/Models/X3/X3((1(8))+(2(4))).fbx
  artifactKey: Guid(91086bfd5629e8d4e8c61f261a00645b) Importer(815301076,1909f56bfc062723c751e8b465ee728b)
Start importing Assets/Low_Poly_Road_Pack/Roads_Pack/Textures_Materials_Models/Models/X3/X3((1(8))+(2(4))).fbx using Guid(91086bfd5629e8d4e8c61f261a00645b) Importer(815301076,1909f56bfc062723c751e8b465ee728b) (PreviewImporter) -> (artifact id: '0de2be212e769d901ef2a647501b4b08') in 0.0475958 seconds
Number of updated asset objects reloaded before import = 0Number of asset objects unloaded after import = 7

========================================================================
Received Import Request.
  Time since last request: 0.000091 seconds.
  path: Assets/Road/Road_Pack/Assets/8Line/Models/Turn((8)).fbx
  artifactKey: Guid(74d31a5ba65cb4549949afbe933f50af) Importer(815301076,1909f56bfc062723c751e8b465ee728b)
Start importing Assets/Road/Road_Pack/Assets/8Line/Models/Turn((8)).fbx using Guid(74d31a5ba65cb4549949afbe933f50af) Importer(815301076,1909f56bfc062723c751e8b465ee728b) (PreviewImporter) -> (artifact id: '546d704b3be729e90b95ffcd11ef1b97') in 0.0476322 seconds
Number of updated asset objects reloaded before import = 0Number of asset objects unloaded after import = 7

========================================================================
Received Import Request.
  Time since last request: 0.000075 seconds.
  path: Assets/Samples/XR Interaction Toolkit/3.2.2/Starter Assets/TunnelingVignette/TunnelingVignetteHemisphere.fbx
  artifactKey: Guid(5833e680dc0f7ae47aec6b4286570484) Importer(815301076,1909f56bfc062723c751e8b465ee728b)
Start importing Assets/Samples/XR Interaction Toolkit/3.2.2/Starter Assets/TunnelingVignette/TunnelingVignetteHemisphere.fbx using Guid(5833e680dc0f7ae47aec6b4286570484) Importer(815301076,1909f56bfc062723c751e8b465ee728b) (PreviewImporter) -> (artifact id: 'c16b2fbcaf29b3cb752756264992808b') in 0.0475758 seconds
Number of updated asset objects reloaded before import = 0Number of asset objects unloaded after import = 7

========================================================================
Received Import Request.
  Time since last request: 0.000097 seconds.
  path: Assets/Low_Poly_Road_Pack/Roads_Pack/Textures_Materials_Models/Models/2Lines/Turn(2).fbx
  artifactKey: Guid(523767a16e62ddf47bab49b0eb1392da) Importer(815301076,1909f56bfc062723c751e8b465ee728b)
Start importing Assets/Low_Poly_Road_Pack/Roads_Pack/Textures_Materials_Models/Models/2Lines/Turn(2).fbx using Guid(523767a16e62ddf47bab49b0eb1392da) Importer(815301076,1909f56bfc062723c751e8b465ee728b) (PreviewImporter) -> (artifact id: '4b7466f95168e79e3bd717492684c83b') in 0.0387445 seconds
Number of updated asset objects reloaded before import = 0Number of asset objects unloaded after import = 7

========================================================================
Received Import Request.
  Time since last request: 0.000051 seconds.
  path: Assets/Road/Road_Pack/Assets/2Line/Models/Turn((2)).fbx
  artifactKey: Guid(10573706a2f0aca49a129708379df819) Importer(815301076,1909f56bfc062723c751e8b465ee728b)
Start importing Assets/Road/Road_Pack/Assets/2Line/Models/Turn((2)).fbx using Guid(10573706a2f0aca49a129708379df819) Importer(815301076,1909f56bfc062723c751e8b465ee728b) (PreviewImporter) -> (artifact id: 'f4e1f97e06333d3feb52d4aa6a689ba6') in 0.0338274 seconds
Number of updated asset objects reloaded before import = 0Number of asset objects unloaded after import = 7

========================================================================
Received Import Request.
  Time since last request: 0.000062 seconds.
  path: Assets/Low_Poly_Road_Pack/Roads_Pack/Textures_Materials_Models/Models/X4/X4((2(4))+(2(2))).fbx
  artifactKey: Guid(95c68fb1d88328441936b5e3ce0ed1f4) Importer(815301076,1909f56bfc062723c751e8b465ee728b)
Start importing Assets/Low_Poly_Road_Pack/Roads_Pack/Textures_Materials_Models/Models/X4/X4((2(4))+(2(2))).fbx using Guid(95c68fb1d88328441936b5e3ce0ed1f4) Importer(815301076,1909f56bfc062723c751e8b465ee728b) (PreviewImporter) -> (artifact id: 'fa9be13110bbf6798947ba6ce10f67f5') in 0.0305533 seconds
Number of updated asset objects reloaded before import = 0Number of asset objects unloaded after import = 7

========================================================================
Received Import Request.
  Time since last request: 0.000073 seconds.
  path: Assets/Road/Road_Pack/Assets/X3/Models/X3((1(8))+(2(4))).fbx
  artifactKey: Guid(eba404b34f0d4594eb90a7da5e6e2f28) Importer(815301076,1909f56bfc062723c751e8b465ee728b)
Start importing Assets/Road/Road_Pack/Assets/X3/Models/X3((1(8))+(2(4))).fbx using Guid(eba404b34f0d4594eb90a7da5e6e2f28) Importer(815301076,1909f56bfc062723c751e8b465ee728b) (PreviewImporter) -> (artifact id: 'f4fd6941467946b9dbba7b8ccc7314e9') in 0.0505161 seconds
Number of updated asset objects reloaded before import = 0Number of asset objects unloaded after import = 7

========================================================================
Received Import Request.
  Time since last request: 0.000247 seconds.
  path: Assets/Low_Poly_Road_Pack/Roads_Pack/Textures_Materials_Models/Models/X4/X4((1(4))+(3(2))).fbx
  artifactKey: Guid(3c7f235f6936bfa49b35e5568e8446d3) Importer(815301076,1909f56bfc062723c751e8b465ee728b)
Start importing Assets/Low_Poly_Road_Pack/Roads_Pack/Textures_Materials_Models/Models/X4/X4((1(4))+(3(2))).fbx using Guid(3c7f235f6936bfa49b35e5568e8446d3) Importer(815301076,1909f56bfc062723c751e8b465ee728b) (PreviewImporter) -> (artifact id: 'c14ba8d903cf3077e14553cbb7c85537') in 0.0426172 seconds
Number of updated asset objects reloaded before import = 0Number of asset objects unloaded after import = 7

========================================================================
Received Import Request.
  Time since last request: 0.000055 seconds.
  path: Assets/Low_Poly_Road_Pack/Roads_Pack/Textures_Materials_Models/Models/TrafficLights/TraficLightCar.fbx
  artifactKey: Guid(ebd5956b7a7d3754e9bd7ba8c445e254) Importer(815301076,1909f56bfc062723c751e8b465ee728b)
Start importing Assets/Low_Poly_Road_Pack/Roads_Pack/Textures_Materials_Models/Models/TrafficLights/TraficLightCar.fbx using Guid(ebd5956b7a7d3754e9bd7ba8c445e254) Importer(815301076,1909f56bfc062723c751e8b465ee728b) (PreviewImporter) -> (artifact id: '063a72a124164f55e6f24fa1f4984ff7') in 0.0381067 seconds
Number of updated asset objects reloaded before import = 0Number of asset objects unloaded after import = 7

========================================================================
Received Import Request.
  Time since last request: 6.672466 seconds.
  path: Assets/Low_Poly_Road_Pack/Roads_Pack/Textures_Materials_Models/Models/2Lines/1(2)0.5.fbx
  artifactKey: Guid(5c2ad2d2df8837b40bb57115ad417509) Importer(815301076,1909f56bfc062723c751e8b465ee728b)
Start importing Assets/Low_Poly_Road_Pack/Roads_Pack/Textures_Materials_Models/Models/2Lines/1(2)0.5.fbx using Guid(5c2ad2d2df8837b40bb57115ad417509) Importer(815301076,1909f56bfc062723c751e8b465ee728b) (PreviewImporter) -> (artifact id: '1a101dc96b57b91fe50761dec6d9bb28') in 0.0485245 seconds
Number of updated asset objects reloaded before import = 0Number of asset objects unloaded after import = 7

========================================================================
Received Import Request.
  Time since last request: 0.000074 seconds.
  path: Assets/Low_Poly_Road_Pack/Roads_Pack/Textures_Materials_Models/Models/8Lines/1(8).fbx
  artifactKey: Guid(5bb65992ef0fb7249b80fe979afd2369) Importer(815301076,1909f56bfc062723c751e8b465ee728b)
Start importing Assets/Low_Poly_Road_Pack/Roads_Pack/Textures_Materials_Models/Models/8Lines/1(8).fbx using Guid(5bb65992ef0fb7249b80fe979afd2369) Importer(815301076,1909f56bfc062723c751e8b465ee728b) (PreviewImporter) -> (artifact id: '0736565f53efd8bbff6f3ecddc9b5269') in 0.0478003 seconds
Number of updated asset objects reloaded before import = 0Number of asset objects unloaded after import = 7

========================================================================
Received Import Request.
  Time since last request: 0.000129 seconds.
  path: Assets/Road/Road_Pack/Assets/4Line/Models/1(4).fbx
  artifactKey: Guid(e8d0b3d43bc5c0b408b86aa3689bafeb) Importer(815301076,1909f56bfc062723c751e8b465ee728b)
Start importing Assets/Road/Road_Pack/Assets/4Line/Models/1(4).fbx using Guid(e8d0b3d43bc5c0b408b86aa3689bafeb) Importer(815301076,1909f56bfc062723c751e8b465ee728b) (PreviewImporter) -> (artifact id: 'eab46709c0836c9ea2c77e1f0b440be8') in 0.0524382 seconds
Number of updated asset objects reloaded before import = 0Number of asset objects unloaded after import = 7

========================================================================
Received Import Request.
  Time since last request: 0.000114 seconds.
  path: Assets/Road/Road_Pack/Assets/0.5/Models/1(4)_0.5.fbx
  artifactKey: Guid(017f0cc8160b43e418a140d2efb7d96c) Importer(815301076,1909f56bfc062723c751e8b465ee728b)
Start importing Assets/Road/Road_Pack/Assets/0.5/Models/1(4)_0.5.fbx using Guid(017f0cc8160b43e418a140d2efb7d96c) Importer(815301076,1909f56bfc062723c751e8b465ee728b) (PreviewImporter) -> (artifact id: '52a364a67b48a30d0663103c6aaada38') in 0.0794739 seconds
Number of updated asset objects reloaded before import = 0Number of asset objects unloaded after import = 8

========================================================================
Received Import Request.
  Time since last request: 0.000091 seconds.
  path: Assets/Road/Road_Pack/Assets/0.5/Models/1(2)_0.5.fbx
  artifactKey: Guid(dfa1dcf4b39f05b4487995ccca25e179) Importer(815301076,1909f56bfc062723c751e8b465ee728b)
Start importing Assets/Road/Road_Pack/Assets/0.5/Models/1(2)_0.5.fbx using Guid(dfa1dcf4b39f05b4487995ccca25e179) Importer(815301076,1909f56bfc062723c751e8b465ee728b) (PreviewImporter) -> (artifact id: '90b37d23c9ad2dd284137bdaf9cb1716') in 0.0455705 seconds
Number of updated asset objects reloaded before import = 0Number of asset objects unloaded after import = 7

========================================================================
Received Import Request.
  Time since last request: 0.000085 seconds.
  path: Assets/Road/Road_Pack/Assets/8Line/Models/1(8).fbx
  artifactKey: Guid(b02eb5e7aed7ebb4fba69ad8f3ec9ac1) Importer(815301076,1909f56bfc062723c751e8b465ee728b)
Start importing Assets/Road/Road_Pack/Assets/8Line/Models/1(8).fbx using Guid(b02eb5e7aed7ebb4fba69ad8f3ec9ac1) Importer(815301076,1909f56bfc062723c751e8b465ee728b) (PreviewImporter) -> (artifact id: '676056c327e10e99376d6ab6d35413e5') in 0.0486254 seconds
Number of updated asset objects reloaded before import = 0Number of asset objects unloaded after import = 7

========================================================================
Received Import Request.
  Time since last request: 0.000111 seconds.
  path: Assets/Low_Poly_Road_Pack/Roads_Pack/Textures_Materials_Models/Models/4Lines/1(4).fbx
  artifactKey: Guid(6a43cb144eb13ca479c5ed1a1a80b0fc) Importer(815301076,1909f56bfc062723c751e8b465ee728b)
Start importing Assets/Low_Poly_Road_Pack/Roads_Pack/Textures_Materials_Models/Models/4Lines/1(4).fbx using Guid(6a43cb144eb13ca479c5ed1a1a80b0fc) Importer(815301076,1909f56bfc062723c751e8b465ee728b) (PreviewImporter) -> (artifact id: '079fabc723a4210d23819f67616005b3') in 0.0467683 seconds
Number of updated asset objects reloaded before import = 0Number of asset objects unloaded after import = 7

========================================================================
Received Import Request.
  Time since last request: 2.990539 seconds.
  path: Assets/Course Library/_Source_Files/FBX/SM_Prop_Crate_01.fbx
  artifactKey: Guid(6a1c3c31ad20ee24c837e6aad1e22d80) Importer(815301076,1909f56bfc062723c751e8b465ee728b)
Start importing Assets/Course Library/_Source_Files/FBX/SM_Prop_Crate_01.fbx using Guid(6a1c3c31ad20ee24c837e6aad1e22d80) Importer(815301076,1909f56bfc062723c751e8b465ee728b) (PreviewImporter) -> (artifact id: '0f7766a37afd1eae95f3c957db3be227') in 0.0541529 seconds
Number of updated asset objects reloaded before import = 0Number of asset objects unloaded after import = 7

========================================================================
Received Import Request.
  Time since last request: 0.000067 seconds.
  path: Assets/Low_Poly_Road_Pack/Roads_Pack/Textures_Materials_Models/Models/BridgeSupport/SupportBridge(10x7).fbx
  artifactKey: Guid(188e8051556881b43b4260c838992db7) Importer(815301076,1909f56bfc062723c751e8b465ee728b)
Start importing Assets/Low_Poly_Road_Pack/Roads_Pack/Textures_Materials_Models/Models/BridgeSupport/SupportBridge(10x7).fbx using Guid(188e8051556881b43b4260c838992db7) Importer(815301076,1909f56bfc062723c751e8b465ee728b) (PreviewImporter) -> (artifact id: 'fda5d476105e62714cb165a09eb6f30f') in 0.0399693 seconds
Number of updated asset objects reloaded before import = 0Number of asset objects unloaded after import = 7

========================================================================
Received Import Request.
  Time since last request: 0.000168 seconds.
  path: Assets/Course Library/_Source_Files/FBX/SM_Prop_Spool_02.fbx
  artifactKey: Guid(0398a1d1d554d19429b04a7c7413037a) Importer(815301076,1909f56bfc062723c751e8b465ee728b)
Start importing Assets/Course Library/_Source_Files/FBX/SM_Prop_Spool_02.fbx using Guid(0398a1d1d554d19429b04a7c7413037a) Importer(815301076,1909f56bfc062723c751e8b465ee728b) (PreviewImporter) -> (artifact id: '4f83ea8b996d55e416119853b5c46c08') in 0.0384122 seconds
Number of updated asset objects reloaded before import = 0Number of asset objects unloaded after import = 7

========================================================================
Received Import Request.
  Time since last request: 0.000061 seconds.
  path: Assets/Low_Poly_Road_Pack/Roads_Pack/Textures_Materials_Models/Models/TrafficLights/StreetLight.fbx
  artifactKey: Guid(1de6416b98801a0429f003d67e910a39) Importer(815301076,1909f56bfc062723c751e8b465ee728b)
Start importing Assets/Low_Poly_Road_Pack/Roads_Pack/Textures_Materials_Models/Models/TrafficLights/StreetLight.fbx using Guid(1de6416b98801a0429f003d67e910a39) Importer(815301076,1909f56bfc062723c751e8b465ee728b) (PreviewImporter) -> (artifact id: 'ff1ea55e8ee3e469574c56d9190e5319') in 0.0512221 seconds
Number of updated asset objects reloaded before import = 0Number of asset objects unloaded after import = 7

========================================================================
Received Import Request.
  Time since last request: 0.000136 seconds.
  path: Assets/Course Library/_Source_Files/Misc/SkyDome.fbx
  artifactKey: Guid(1340630fb7a3267499177be33f281f05) Importer(815301076,1909f56bfc062723c751e8b465ee728b)
Start importing Assets/Course Library/_Source_Files/Misc/SkyDome.fbx using Guid(1340630fb7a3267499177be33f281f05) Importer(815301076,1909f56bfc062723c751e8b465ee728b) (PreviewImporter) -> (artifact id: '9825165f04de79e06a8d97048366be5c') in 0.1415101 seconds
Number of updated asset objects reloaded before import = 0Number of asset objects unloaded after import = 26

========================================================================
Received Import Request.
  Time since last request: 0.000262 seconds.
  path: Assets/Course Library/_Source_Files/FBX/SM_Rock_Boulder_01.fbx
  artifactKey: Guid(3bf1797a1e906ed419074e5bd4b7ff3b) Importer(815301076,1909f56bfc062723c751e8b465ee728b)
Start importing Assets/Course Library/_Source_Files/FBX/SM_Rock_Boulder_01.fbx using Guid(3bf1797a1e906ed419074e5bd4b7ff3b) Importer(815301076,1909f56bfc062723c751e8b465ee728b) (PreviewImporter) -> (artifact id: '9030cb54fea9cd5ba58d659d741de8cd') in 0.0408823 seconds
Number of updated asset objects reloaded before import = 0Number of asset objects unloaded after import = 7

